<?xml version="1.0" encoding="UTF-8"?>
<testsuite xmlns:xsi="http://www.w3.org/2001/XMLSchema-instance" xsi:noNamespaceSchemaLocation="https://maven.apache.org/surefire/maven-surefire-plugin/xsd/surefire-test-report.xsd" name="com.github.yuqingliu.extraenchants.AppTest" time="0.048" tests="1" errors="0" skipped="0" failures="0">
  <properties>
    <property name="java.specification.version" value="17"/>
    <property name="sun.jnu.encoding" value="UTF-8"/>
    <property name="java.class.path" value="/home/yuqingliu/Documents/PersonalRepos/ExtraEnchants/target/test-classes:/home/yuqingliu/Documents/PersonalRepos/ExtraEnchants/target/classes:/home/yuqingliu/.m2/repository/io/papermc/paper/paper-api/1.20.4-R0.1-SNAPSHOT/paper-api-1.20.4-R0.1-SNAPSHOT.jar:/home/yuqingliu/.m2/repository/com/google/guava/guava/32.1.2-jre/guava-32.1.2-jre.jar:/home/yuqingliu/.m2/repository/com/google/guava/failureaccess/1.0.1/failureaccess-1.0.1.jar:/home/yuqingliu/.m2/repository/com/google/guava/listenablefuture/9999.0-empty-to-avoid-conflict-with-guava/listenablefuture-9999.0-empty-to-avoid-conflict-with-guava.jar:/home/yuqingliu/.m2/repository/com/google/code/findbugs/jsr305/3.0.2/jsr305-3.0.2.jar:/home/yuqingliu/.m2/repository/com/google/errorprone/error_prone_annotations/2.18.0/error_prone_annotations-2.18.0.jar:/home/yuqingliu/.m2/repository/com/google/j2objc/j2objc-annotations/2.8/j2objc-annotations-2.8.jar:/home/yuqingliu/.m2/repository/com/google/code/gson/gson/2.10.1/gson-2.10.1.jar:/home/yuqingliu/.m2/repository/net/md-5/bungeecord-chat/1.20-R0.2-deprecated+build.18/bungeecord-chat-1.20-R0.2-deprecated+build.18.jar:/home/yuqingliu/.m2/repository/org/yaml/snakeyaml/2.2/snakeyaml-2.2.jar:/home/yuqingliu/.m2/repository/org/joml/joml/1.10.5/joml-1.10.5.jar:/home/yuqingliu/.m2/repository/com/googlecode/json-simple/json-simple/1.1.1/json-simple-1.1.1.jar:/home/yuqingliu/.m2/repository/it/unimi/dsi/fastutil/8.5.6/fastutil-8.5.6.jar:/home/yuqingliu/.m2/repository/org/apache/logging/log4j/log4j-api/2.17.1/log4j-api-2.17.1.jar:/home/yuqingliu/.m2/repository/org/slf4j/slf4j-api/2.0.9/slf4j-api-2.0.9.jar:/home/yuqingliu/.m2/repository/org/apache/maven/maven-resolver-provider/3.9.6/maven-resolver-provider-3.9.6.jar:/home/yuqingliu/.m2/repository/org/apache/maven/maven-model/3.9.6/maven-model-3.9.6.jar:/home/yuqingliu/.m2/repository/org/apache/maven/maven-model-builder/3.9.6/maven-model-builder-3.9.6.jar:/home/yuqingliu/.m2/repository/org/codehaus/plexus/plexus-interpolation/1.26/plexus-interpolation-1.26.jar:/home/yuqingliu/.m2/repository/org/apache/maven/maven-artifact/3.9.6/maven-artifact-3.9.6.jar:/home/yuqingliu/.m2/repository/org/apache/commons/commons-lang3/3.12.0/commons-lang3-3.12.0.jar:/home/yuqingliu/.m2/repository/org/apache/maven/maven-builder-support/3.9.6/maven-builder-support-3.9.6.jar:/home/yuqingliu/.m2/repository/org/eclipse/sisu/org.eclipse.sisu.inject/0.9.0.M2/org.eclipse.sisu.inject-0.9.0.M2.jar:/home/yuqingliu/.m2/repository/org/apache/maven/maven-repository-metadata/3.9.6/maven-repository-metadata-3.9.6.jar:/home/yuqingliu/.m2/repository/org/apache/maven/resolver/maven-resolver-api/1.9.18/maven-resolver-api-1.9.18.jar:/home/yuqingliu/.m2/repository/org/apache/maven/resolver/maven-resolver-spi/1.9.18/maven-resolver-spi-1.9.18.jar:/home/yuqingliu/.m2/repository/org/apache/maven/resolver/maven-resolver-util/1.9.18/maven-resolver-util-1.9.18.jar:/home/yuqingliu/.m2/repository/org/apache/maven/resolver/maven-resolver-impl/1.9.18/maven-resolver-impl-1.9.18.jar:/home/yuqingliu/.m2/repository/org/apache/maven/resolver/maven-resolver-named-locks/1.9.18/maven-resolver-named-locks-1.9.18.jar:/home/yuqingliu/.m2/repository/org/codehaus/plexus/plexus-utils/3.5.1/plexus-utils-3.5.1.jar:/home/yuqingliu/.m2/repository/javax/inject/javax.inject/1/javax.inject-1.jar:/home/yuqingliu/.m2/repository/net/kyori/adventure-api/4.16.0/adventure-api-4.16.0.jar:/home/yuqingliu/.m2/repository/net/kyori/adventure-key/4.16.0/adventure-key-4.16.0.jar:/home/yuqingliu/.m2/repository/net/kyori/examination-api/1.3.0/examination-api-1.3.0.jar:/home/yuqingliu/.m2/repository/net/kyori/examination-string/1.3.0/examination-string-1.3.0.jar:/home/yuqingliu/.m2/repository/org/jetbrains/annotations/24.1.0/annotations-24.1.0.jar:/home/yuqingliu/.m2/repository/net/kyori/adventure-text-minimessage/4.16.0/adventure-text-minimessage-4.16.0.jar:/home/yuqingliu/.m2/repository/net/kyori/adventure-text-serializer-gson/4.16.0/adventure-text-serializer-gson-4.16.0.jar:/home/yuqingliu/.m2/repository/net/kyori/adventure-text-serializer-json/4.16.0/adventure-text-serializer-json-4.16.0.jar:/home/yuqingliu/.m2/repository/net/kyori/option/1.0.0/option-1.0.0.jar:/home/yuqingliu/.m2/repository/net/kyori/adventure-text-serializer-legacy/4.16.0/adventure-text-serializer-legacy-4.16.0.jar:/home/yuqingliu/.m2/repository/net/kyori/adventure-text-serializer-plain/4.16.0/adventure-text-serializer-plain-4.16.0.jar:/home/yuqingliu/.m2/repository/net/kyori/adventure-text-logger-slf4j/4.16.0/adventure-text-logger-slf4j-4.16.0.jar:/home/yuqingliu/.m2/repository/org/checkerframework/checker-qual/3.33.0/checker-qual-3.33.0.jar:/home/yuqingliu/.m2/repository/org/ow2/asm/asm/9.7/asm-9.7.jar:/home/yuqingliu/.m2/repository/org/ow2/asm/asm-commons/9.7/asm-commons-9.7.jar:/home/yuqingliu/.m2/repository/org/ow2/asm/asm-tree/9.7/asm-tree-9.7.jar:/home/yuqingliu/.m2/repository/junit/junit/4.11/junit-4.11.jar:/home/yuqingliu/.m2/repository/org/hamcrest/hamcrest-core/1.3/hamcrest-core-1.3.jar:/home/yuqingliu/.m2/repository/net/objecthunter/exp4j/0.4.8/exp4j-0.4.8.jar:/home/yuqingliu/.m2/repository/de/tr7zw/item-nbt-api/2.12.2/item-nbt-api-2.12.2.jar:"/>
    <property name="java.vm.vendor" value="Oracle Corporation"/>
    <property name="sun.arch.data.model" value="64"/>
    <property name="java.vendor.url" value="https://openjdk.java.net/"/>
    <property name="os.name" value="Linux"/>
    <property name="java.vm.specification.version" value="17"/>
    <property name="sun.java.launcher" value="SUN_STANDARD"/>
    <property name="user.country" value="US"/>
    <property name="sun.boot.library.path" value="/usr/lib/jvm/java-17-openjdk/lib"/>
    <property name="sun.java.command" value="/home/yuqingliu/Documents/PersonalRepos/ExtraEnchants/target/surefire/surefirebooter14000287887723376045.jar /home/yuqingliu/Documents/PersonalRepos/ExtraEnchants/target/surefire 2024-04-19T23-14-07_051-jvmRun1 surefire1753317158054254632tmp surefire_017901725218627458518tmp"/>
    <property name="jdk.debug" value="release"/>
    <property name="surefire.test.class.path" value="/home/yuqingliu/Documents/PersonalRepos/ExtraEnchants/target/test-classes:/home/yuqingliu/Documents/PersonalRepos/ExtraEnchants/target/classes:/home/yuqingliu/.m2/repository/io/papermc/paper/paper-api/1.20.4-R0.1-SNAPSHOT/paper-api-1.20.4-R0.1-SNAPSHOT.jar:/home/yuqingliu/.m2/repository/com/google/guava/guava/32.1.2-jre/guava-32.1.2-jre.jar:/home/yuqingliu/.m2/repository/com/google/guava/failureaccess/1.0.1/failureaccess-1.0.1.jar:/home/yuqingliu/.m2/repository/com/google/guava/listenablefuture/9999.0-empty-to-avoid-conflict-with-guava/listenablefuture-9999.0-empty-to-avoid-conflict-with-guava.jar:/home/yuqingliu/.m2/repository/com/google/code/findbugs/jsr305/3.0.2/jsr305-3.0.2.jar:/home/yuqingliu/.m2/repository/com/google/errorprone/error_prone_annotations/2.18.0/error_prone_annotations-2.18.0.jar:/home/yuqingliu/.m2/repository/com/google/j2objc/j2objc-annotations/2.8/j2objc-annotations-2.8.jar:/home/yuqingliu/.m2/repository/com/google/code/gson/gson/2.10.1/gson-2.10.1.jar:/home/yuqingliu/.m2/repository/net/md-5/bungeecord-chat/1.20-R0.2-deprecated+build.18/bungeecord-chat-1.20-R0.2-deprecated+build.18.jar:/home/yuqingliu/.m2/repository/org/yaml/snakeyaml/2.2/snakeyaml-2.2.jar:/home/yuqingliu/.m2/repository/org/joml/joml/1.10.5/joml-1.10.5.jar:/home/yuqingliu/.m2/repository/com/googlecode/json-simple/json-simple/1.1.1/json-simple-1.1.1.jar:/home/yuqingliu/.m2/repository/it/unimi/dsi/fastutil/8.5.6/fastutil-8.5.6.jar:/home/yuqingliu/.m2/repository/org/apache/logging/log4j/log4j-api/2.17.1/log4j-api-2.17.1.jar:/home/yuqingliu/.m2/repository/org/slf4j/slf4j-api/2.0.9/slf4j-api-2.0.9.jar:/home/yuqingliu/.m2/repository/org/apache/maven/maven-resolver-provider/3.9.6/maven-resolver-provider-3.9.6.jar:/home/yuqingliu/.m2/repository/org/apache/maven/maven-model/3.9.6/maven-model-3.9.6.jar:/home/yuqingliu/.m2/repository/org/apache/maven/maven-model-builder/3.9.6/maven-model-builder-3.9.6.jar:/home/yuqingliu/.m2/repository/org/codehaus/plexus/plexus-interpolation/1.26/plexus-interpolation-1.26.jar:/home/yuqingliu/.m2/repository/org/apache/maven/maven-artifact/3.9.6/maven-artifact-3.9.6.jar:/home/yuqingliu/.m2/repository/org/apache/commons/commons-lang3/3.12.0/commons-lang3-3.12.0.jar:/home/yuqingliu/.m2/repository/org/apache/maven/maven-builder-support/3.9.6/maven-builder-support-3.9.6.jar:/home/yuqingliu/.m2/repository/org/eclipse/sisu/org.eclipse.sisu.inject/0.9.0.M2/org.eclipse.sisu.inject-0.9.0.M2.jar:/home/yuqingliu/.m2/repository/org/apache/maven/maven-repository-metadata/3.9.6/maven-repository-metadata-3.9.6.jar:/home/yuqingliu/.m2/repository/org/apache/maven/resolver/maven-resolver-api/1.9.18/maven-resolver-api-1.9.18.jar:/home/yuqingliu/.m2/repository/org/apache/maven/resolver/maven-resolver-spi/1.9.18/maven-resolver-spi-1.9.18.jar:/home/yuqingliu/.m2/repository/org/apache/maven/resolver/maven-resolver-util/1.9.18/maven-resolver-util-1.9.18.jar:/home/yuqingliu/.m2/repository/org/apache/maven/resolver/maven-resolver-impl/1.9.18/maven-resolver-impl-1.9.18.jar:/home/yuqingliu/.m2/repository/org/apache/maven/resolver/maven-resolver-named-locks/1.9.18/maven-resolver-named-locks-1.9.18.jar:/home/yuqingliu/.m2/repository/org/codehaus/plexus/plexus-utils/3.5.1/plexus-utils-3.5.1.jar:/home/yuqingliu/.m2/repository/javax/inject/javax.inject/1/javax.inject-1.jar:/home/yuqingliu/.m2/repository/net/kyori/adventure-api/4.16.0/adventure-api-4.16.0.jar:/home/yuqingliu/.m2/repository/net/kyori/adventure-key/4.16.0/adventure-key-4.16.0.jar:/home/yuqingliu/.m2/repository/net/kyori/examination-api/1.3.0/examination-api-1.3.0.jar:/home/yuqingliu/.m2/repository/net/kyori/examination-string/1.3.0/examination-string-1.3.0.jar:/home/yuqingliu/.m2/repository/org/jetbrains/annotations/24.1.0/annotations-24.1.0.jar:/home/yuqingliu/.m2/repository/net/kyori/adventure-text-minimessage/4.16.0/adventure-text-minimessage-4.16.0.jar:/home/yuqingliu/.m2/repository/net/kyori/adventure-text-serializer-gson/4.16.0/adventure-text-serializer-gson-4.16.0.jar:/home/yuqingliu/.m2/repository/net/kyori/adventure-text-serializer-json/4.16.0/adventure-text-serializer-json-4.16.0.jar:/home/yuqingliu/.m2/repository/net/kyori/option/1.0.0/option-1.0.0.jar:/home/yuqingliu/.m2/repository/net/kyori/adventure-text-serializer-legacy/4.16.0/adventure-text-serializer-legacy-4.16.0.jar:/home/yuqingliu/.m2/repository/net/kyori/adventure-text-serializer-plain/4.16.0/adventure-text-serializer-plain-4.16.0.jar:/home/yuqingliu/.m2/repository/net/kyori/adventure-text-logger-slf4j/4.16.0/adventure-text-logger-slf4j-4.16.0.jar:/home/yuqingliu/.m2/repository/org/checkerframework/checker-qual/3.33.0/checker-qual-3.33.0.jar:/home/yuqingliu/.m2/repository/org/ow2/asm/asm/9.7/asm-9.7.jar:/home/yuqingliu/.m2/repository/org/ow2/asm/asm-commons/9.7/asm-commons-9.7.jar:/home/yuqingliu/.m2/repository/org/ow2/asm/asm-tree/9.7/asm-tree-9.7.jar:/home/yuqingliu/.m2/repository/junit/junit/4.11/junit-4.11.jar:/home/yuqingliu/.m2/repository/org/hamcrest/hamcrest-core/1.3/hamcrest-core-1.3.jar:/home/yuqingliu/.m2/repository/net/objecthunter/exp4j/0.4.8/exp4j-0.4.8.jar:/home/yuqingliu/.m2/repository/de/tr7zw/item-nbt-api/2.12.2/item-nbt-api-2.12.2.jar:"/>
    <property name="sun.cpu.endian" value="little"/>
    <property name="user.home" value="/home/yuqingliu"/>
    <property name="user.language" value="en"/>
    <property name="java.specification.vendor" value="Oracle Corporation"/>
    <property name="java.version.date" value="2024-01-16"/>
    <property name="java.home" value="/usr/lib/jvm/java-17-openjdk"/>
    <property name="file.separator" value="/"/>
    <property name="basedir" value="/home/yuqingliu/Documents/PersonalRepos/ExtraEnchants"/>
    <property name="java.vm.compressedOopsMode" value="Zero based"/>
    <property name="line.separator" value="&#10;"/>
    <property name="java.vm.specification.vendor" value="Oracle Corporation"/>
    <property name="java.specification.name" value="Java Platform API Specification"/>
    <property name="surefire.real.class.path" value="/home/yuqingliu/Documents/PersonalRepos/ExtraEnchants/target/surefire/surefirebooter14000287887723376045.jar"/>
    <property name="sun.management.compiler" value="HotSpot 64-Bit Tiered Compilers"/>
    <property name="java.runtime.version" value="17.0.10+7"/>
    <property name="user.name" value="yuqingliu"/>
    <property name="path.separator" value=":"/>
    <property name="os.version" value="6.5.7-arch1-1"/>
    <property name="java.runtime.name" value="OpenJDK Runtime Environment"/>
    <property name="file.encoding" value="UTF-8"/>
    <property name="java.vm.name" value="OpenJDK 64-Bit Server VM"/>
    <property name="localRepository" value="/home/yuqingliu/.m2/repository"/>
    <property name="java.vendor.url.bug" value="https://bugreport.java.com/bugreport/"/>
    <property name="java.io.tmpdir" value="/tmp"/>
    <property name="java.version" value="17.0.10"/>
    <property name="user.dir" value="/home/yuqingliu/Documents/PersonalRepos/ExtraEnchants"/>
    <property name="os.arch" value="amd64"/>
    <property name="java.vm.specification.name" value="Java Virtual Machine Specification"/>
    <property name="native.encoding" value="UTF-8"/>
    <property name="java.library.path" value="/usr/java/packages/lib:/usr/lib64:/lib64:/lib:/usr/lib"/>
    <property name="java.vm.info" value="mixed mode, sharing"/>
    <property name="java.vendor" value="N/A"/>
    <property name="java.vm.version" value="17.0.10+7"/>
    <property name="sun.io.unicode.encoding" value="UnicodeLittle"/>
    <property name="java.class.version" value="61.0"/>
  </properties>
  <testcase name="shouldAnswerWithTrue" classname="com.github.yuqingliu.extraenchants.AppTest" time="0.005"/>
</testsuite>